<?xml version="1.0" encoding="UTF-8"?>
<!-- Generated by org.testng.reporters.JUnitXMLReporter -->
<testsuite ignored="1" hostname="LAPTOP-UR7GNSSN" failures="0" tests="1" name="Default test(failed)(failed)" time="112.367" errors="0" timestamp="13 Dec 2025 15:44:44 GMT">
  <testcase classname="pojootestng.runner" name="tes1" time="3.524"/>
  <testcase classname="pojootestng.runner" name="test2" time="0.0">
    <ignored/>
  </testcase> <!-- test2 -->
</testsuite> <!-- Default test(failed)(failed) -->
