<?xml version="1.0" encoding="UTF-8"?>
<!-- Generated by org.testng.reporters.JUnitReportReporter -->
<testsuite hostname="LAPTOP-UR7GNSSN" failures="0" tests="4" name="pojootestng.runner" time="181.894" errors="1" timestamp="14 Dec 2025 14:17:00 GMT" skipped="3">
  <testcase classname="pojootestng.runner" name="EmptyPassword" time="0.000">
    <skipped/>
  </testcase> <!-- EmptyPassword -->
  <testcase classname="pojootestng.runner" name="start" time="181.894">
    <error message="java.util.concurrent.TimeoutException
Build info: version: &#039;4.37.0&#039;, revision: &#039;3c1da1e342&#039;
System info: os.name: &#039;Windows 11&#039;, os.arch: &#039;amd64&#039;, os.version: &#039;10.0&#039;, java.version: &#039;21.0.6&#039;
Driver info: org.openqa.selenium.chrome.ChromeDriver
Command: [68e263f3dd7e9ea6ba4fb32381cfe3fa, get {url=https://adactinhotelapp.com/}]
Capabilities {acceptInsecureCerts: false, browserName: chrome, browserVersion: 143.0.7499.42, chrome: {chromedriverVersion: 143.0.7499.42 (24bdc8c48a0c..., userDataDir: C:\Users\amar4\AppData\Loca...}, fedcm:accounts: true, goog:chromeOptions: {debuggerAddress: localhost:51241}, goog:processID: 35008, networkConnectionEnabled: false, pageLoadStrategy: normal, platformName: windows, proxy: Proxy(), se:cdp: ws://localhost:51241/devtoo..., se:cdpVersion: 143.0.7499.42, setWindowRect: true, strictFileInteractability: false, timeouts: {implicit: 0, pageLoad: 300000, script: 30000}, unhandledPromptBehavior: dismiss and notify, webauthn:extension:credBlob: true, webauthn:extension:largeBlob: true, webauthn:extension:minPinLength: true, webauthn:extension:prf: true, webauthn:virtualAuthenticators: true}
Session ID: 68e263f3dd7e9ea6ba4fb32381cfe3fa" type="org.openqa.selenium.TimeoutException">
      <![CDATA[org.openqa.selenium.TimeoutException: java.util.concurrent.TimeoutException
Build info: version: '4.37.0', revision: '3c1da1e342'
System info: os.name: 'Windows 11', os.arch: 'amd64', os.version: '10.0', java.version: '21.0.6'
Driver info: org.openqa.selenium.chrome.ChromeDriver
Command: [68e263f3dd7e9ea6ba4fb32381cfe3fa, get {url=https://adactinhotelapp.com/}]
Capabilities {acceptInsecureCerts: false, browserName: chrome, browserVersion: 143.0.7499.42, chrome: {chromedriverVersion: 143.0.7499.42 (24bdc8c48a0c..., userDataDir: C:\Users\amar4\AppData\Loca...}, fedcm:accounts: true, goog:chromeOptions: {debuggerAddress: localhost:51241}, goog:processID: 35008, networkConnectionEnabled: false, pageLoadStrategy: normal, platformName: windows, proxy: Proxy(), se:cdp: ws://localhost:51241/devtoo..., se:cdpVersion: 143.0.7499.42, setWindowRect: true, strictFileInteractability: false, timeouts: {implicit: 0, pageLoad: 300000, script: 30000}, unhandledPromptBehavior: dismiss and notify, webauthn:extension:credBlob: true, webauthn:extension:largeBlob: true, webauthn:extension:minPinLength: true, webauthn:extension:prf: true, webauthn:virtualAuthenticators: true}
Session ID: 68e263f3dd7e9ea6ba4fb32381cfe3fa
at org.openqa.selenium.remote.http.jdk.JdkHttpClient.execute(JdkHttpClient.java:427)
at org.openqa.selenium.remote.HttpCommandExecutor.execute(HttpCommandExecutor.java:212)
at org.openqa.selenium.remote.service.DriverCommandExecutor.invokeExecute(DriverCommandExecutor.java:216)
at org.openqa.selenium.remote.service.DriverCommandExecutor.execute(DriverCommandExecutor.java:174)
at org.openqa.selenium.remote.RemoteWebDriver.execute(RemoteWebDriver.java:557)
at org.openqa.selenium.remote.RemoteWebDriver.get(RemoteWebDriver.java:325)
at base1.base1.url(base1.java:27)
at pojootestng.runner.start(runner.java:28)
at java.base/jdk.internal.reflect.DirectMethodHandleAccessor.invoke(DirectMethodHandleAccessor.java:103)
at java.base/java.lang.reflect.Method.invoke(Method.java:580)
at org.testng.internal.MethodInvocationHelper.invokeMethod(MethodInvocationHelper.java:124)
at org.testng.internal.MethodInvocationHelper.invokeMethodConsideringTimeout(MethodInvocationHelper.java:59)
at org.testng.internal.Invoker.invokeConfigurationMethod(Invoker.java:458)
at org.testng.internal.Invoker.invokeConfigurations(Invoker.java:222)
at org.testng.internal.Invoker.invokeConfigurations(Invoker.java:142)
at org.testng.internal.TestMethodWorker.invokeBeforeClassMethods(TestMethodWorker.java:168)
at org.testng.internal.TestMethodWorker.run(TestMethodWorker.java:105)
at org.testng.TestRunner.privateRun(TestRunner.java:648)
at org.testng.TestRunner.run(TestRunner.java:505)
at org.testng.SuiteRunner.runTest(SuiteRunner.java:455)
at org.testng.SuiteRunner.runSequentially(SuiteRunner.java:450)
at org.testng.SuiteRunner.privateRun(SuiteRunner.java:415)
at org.testng.SuiteRunner.run(SuiteRunner.java:364)
at org.testng.SuiteRunnerWorker.runSuite(SuiteRunnerWorker.java:52)
at org.testng.SuiteRunnerWorker.run(SuiteRunnerWorker.java:84)
at org.testng.TestNG.runSuitesSequentially(TestNG.java:1208)
at org.testng.TestNG.runSuitesLocally(TestNG.java:1137)
at org.testng.TestNG.runSuites(TestNG.java:1049)
at org.testng.TestNG.run(TestNG.java:1017)
at org.testng.remote.AbstractRemoteTestNG.run(AbstractRemoteTestNG.java:115)
at org.testng.remote.RemoteTestNG.initAndRun(RemoteTestNG.java:293)
at org.testng.remote.RemoteTestNG.main(RemoteTestNG.java:91)
Caused by: java.util.concurrent.TimeoutException
at java.base/java.util.concurrent.CompletableFuture$Timeout.run(CompletableFuture.java:2920)
at java.base/java.util.concurrent.Executors$RunnableAdapter.call(Executors.java:572)
at java.base/java.util.concurrent.FutureTask.run(FutureTask.java:317)
at java.base/java.util.concurrent.ScheduledThreadPoolExecutor$ScheduledFutureTask.run(ScheduledThreadPoolExecutor.java:304)
at java.base/java.util.concurrent.ThreadPoolExecutor.runWorker(ThreadPoolExecutor.java:1144)
at java.base/java.util.concurrent.ThreadPoolExecutor$Worker.run(ThreadPoolExecutor.java:642)
at java.base/java.lang.Thread.run(Thread.java:1583)
]]>
    </error>
  </testcase> <!-- start -->
  <testcase classname="pojootestng.runner" name="fiveltrpass" time="0.000">
    <skipped/>
  </testcase> <!-- fiveltrpass -->
  <testcase classname="pojootestng.runner" name="test2" time="0.000">
    <skipped/>
  </testcase> <!-- test2 -->
</testsuite> <!-- pojootestng.runner -->
