<?xml version="1.0" encoding="UTF-8"?>
<!-- Generated by org.testng.reporters.JUnitXMLReporter -->
<testsuite ignored="0" hostname="LAPTOP-UR7GNSSN" failures="0" tests="5" name="Test" time="21.771" errors="0" timestamp="21 Dec 2025 10:37:19 GMT">
  <testcase classname="adactiin.ran" name="test1" time="1.713"/>
  <testcase classname="adactiin.ran" name="test2" time="3.682"/>
  <testcase classname="adactiin.ran" name="test3" time="3.701"/>
  <testcase classname="adactiin.ran" name="test4" time="4.461"/>
  <testcase classname="adactiin.ran" name="test5" time="3.34"/>
</testsuite> <!-- Test -->
